<?xml version="1.0" encoding="UTF-8"?>
<testsuite xmlns:xsi="http://www.w3.org/2001/XMLSchema-instance" xsi:noNamespaceSchemaLocation="https://maven.apache.org/surefire/maven-surefire-plugin/xsd/surefire-test-report-3.0.xsd" version="3.0" name="com.checkr.interviews.FundingRaisedTest" time="2.737" tests="11" errors="0" skipped="0" failures="0">
  <properties>
[...]
</properties>
  <testcase name="testFindByMultipleOptions" classname="com.checkr.interviews.FundingRaisedTest" time="1.593"/>
  <testcase name="testFindByGivenCompanyName" classname="com.checkr.interviews.FundingRaisedTest" time="0.058"/>
  <testcase name="testWhereGivenRound" classname="com.checkr.interviews.FundingRaisedTest" time="0.19"/>
  <testcase name="testWhereGivenState" classname="com.checkr.interviews.FundingRaisedTest" time="0.282"/>
  <testcase name="testWhereNotExists" classname="com.checkr.interviews.FundingRaisedTest" time="0.016"/>
  <testcase name="testWhereGivenCity" classname="com.checkr.interviews.FundingRaisedTest" time="0.007"/>
  <testcase name="testMultipleOptions" classname="com.checkr.interviews.FundingRaisedTest" time="0.009"/>
  <testcase name="testFindByGivenState" classname="com.checkr.interviews.FundingRaisedTest" time="0.008"/>
  <testcase name="testWhereCorrectKeys" classname="com.checkr.interviews.FundingRaisedTest" time="0.178"/>
  <testcase name="testWhereGivenCompany" classname="com.checkr.interviews.FundingRaisedTest" time="0.081"/>
  <testcase name="testFindByNotExists" classname="com.checkr.interviews.FundingRaisedTest" time="0.027"/>
</testsuite>